Performing C SOURCE FILE Test CMAKE_HAVE_LIBC_PTHREAD failed with the following output:
Change Dir: /home/xetql/lb_exhaustive_search/CMakeFiles/CMakeTmp

Run Build Command(s):/usr/bin/make cmTC_8f189/fast && /usr/bin/make -f CMakeFiles/cmTC_8f189.dir/build.make CMakeFiles/cmTC_8f189.dir/build
make[1]: Entering directory '/home/xetql/lb_exhaustive_search/CMakeFiles/CMakeTmp'
Building C object CMakeFiles/cmTC_8f189.dir/src.c.o
/usr/bin/cc   -DCMAKE_HAVE_LIBC_PTHREAD   -o CMakeFiles/cmTC_8f189.dir/src.c.o   -c /home/xetql/lb_exhaustive_search/CMakeFiles/CMakeTmp/src.c
Linking C executable cmTC_8f189
/home/xetql/clion-2019.2.5/bin/cmake/linux/bin/cmake -E cmake_link_script CMakeFiles/cmTC_8f189.dir/link.txt --verbose=1
/usr/bin/cc  -DCMAKE_HAVE_LIBC_PTHREAD    CMakeFiles/cmTC_8f189.dir/src.c.o  -o cmTC_8f189 
CMakeFiles/cmTC_8f189.dir/src.c.o: In function `main':
src.c:(.text+0x3e): undefined reference to `pthread_create'
src.c:(.text+0x4a): undefined reference to `pthread_detach'
src.c:(.text+0x5b): undefined reference to `pthread_join'
src.c:(.text+0x6f): undefined reference to `pthread_atfork'
collect2: error: ld returned 1 exit status
CMakeFiles/cmTC_8f189.dir/build.make:86: recipe for target 'cmTC_8f189' failed
make[1]: *** [cmTC_8f189] Error 1
make[1]: Leaving directory '/home/xetql/lb_exhaustive_search/CMakeFiles/CMakeTmp'
Makefile:121: recipe for target 'cmTC_8f189/fast' failed
make: *** [cmTC_8f189/fast] Error 2


Source file was:
#include <pthread.h>

void* test_func(void* data)
{
  return data;
}

int main(void)
{
  pthread_t thread;
  pthread_create(&thread, NULL, test_func, NULL);
  pthread_detach(thread);
  pthread_join(thread, NULL);
  pthread_atfork(NULL, NULL, NULL);
  pthread_exit(NULL);

  return 0;
}

Determining if the function pthread_create exists in the pthreads failed with the following output:
Change Dir: /home/xetql/lb_exhaustive_search/CMakeFiles/CMakeTmp

Run Build Command(s):/usr/bin/make cmTC_6d4b9/fast && /usr/bin/make -f CMakeFiles/cmTC_6d4b9.dir/build.make CMakeFiles/cmTC_6d4b9.dir/build
make[1]: Entering directory '/home/xetql/lb_exhaustive_search/CMakeFiles/CMakeTmp'
Building C object CMakeFiles/cmTC_6d4b9.dir/CheckFunctionExists.c.o
/usr/bin/cc   -DCHECK_FUNCTION_EXISTS=pthread_create   -o CMakeFiles/cmTC_6d4b9.dir/CheckFunctionExists.c.o   -c /home/xetql/clion-2019.2.5/bin/cmake/linux/share/cmake-3.15/Modules/CheckFunctionExists.c
Linking C executable cmTC_6d4b9
/home/xetql/clion-2019.2.5/bin/cmake/linux/bin/cmake -E cmake_link_script CMakeFiles/cmTC_6d4b9.dir/link.txt --verbose=1
/usr/bin/cc  -DCHECK_FUNCTION_EXISTS=pthread_create    CMakeFiles/cmTC_6d4b9.dir/CheckFunctionExists.c.o  -o cmTC_6d4b9 -lpthreads 
/usr/bin/ld: cannot find -lpthreads
collect2: error: ld returned 1 exit status
CMakeFiles/cmTC_6d4b9.dir/build.make:86: recipe for target 'cmTC_6d4b9' failed
make[1]: *** [cmTC_6d4b9] Error 1
make[1]: Leaving directory '/home/xetql/lb_exhaustive_search/CMakeFiles/CMakeTmp'
Makefile:121: recipe for target 'cmTC_6d4b9/fast' failed
make: *** [cmTC_6d4b9/fast] Error 2



Performing C SOURCE FILE Test CMAKE_HAVE_LIBC_PTHREAD failed with the following output:
Change Dir: /home/xetql/lb_exhaustive_search/CMakeFiles/CMakeTmp

Run Build Command(s):/usr/bin/make cmTC_19abd/fast && make[1]: Entering directory '/home/xetql/lb_exhaustive_search/CMakeFiles/CMakeTmp'
/usr/bin/make -f CMakeFiles/cmTC_19abd.dir/build.make CMakeFiles/cmTC_19abd.dir/build
make[2]: Entering directory '/home/xetql/lb_exhaustive_search/CMakeFiles/CMakeTmp'
Building C object CMakeFiles/cmTC_19abd.dir/src.c.o
/usr/bin/cc   -DCMAKE_HAVE_LIBC_PTHREAD   -o CMakeFiles/cmTC_19abd.dir/src.c.o   -c /home/xetql/lb_exhaustive_search/CMakeFiles/CMakeTmp/src.c
Linking C executable cmTC_19abd
/snap/cmake/252/bin/cmake -E cmake_link_script CMakeFiles/cmTC_19abd.dir/link.txt --verbose=1
/usr/bin/cc  -DCMAKE_HAVE_LIBC_PTHREAD    CMakeFiles/cmTC_19abd.dir/src.c.o  -o cmTC_19abd 
CMakeFiles/cmTC_19abd.dir/src.c.o: In function `main':
src.c:(.text+0x3e): undefined reference to `pthread_create'
src.c:(.text+0x4a): undefined reference to `pthread_detach'
src.c:(.text+0x5b): undefined reference to `pthread_join'
src.c:(.text+0x6f): undefined reference to `pthread_atfork'
collect2: error: ld returned 1 exit status
CMakeFiles/cmTC_19abd.dir/build.make:86: recipe for target 'cmTC_19abd' failed
make[2]: *** [cmTC_19abd] Error 1
make[2]: Leaving directory '/home/xetql/lb_exhaustive_search/CMakeFiles/CMakeTmp'
Makefile:121: recipe for target 'cmTC_19abd/fast' failed
make[1]: *** [cmTC_19abd/fast] Error 2
make[1]: Leaving directory '/home/xetql/lb_exhaustive_search/CMakeFiles/CMakeTmp'


Source file was:
#include <pthread.h>

void* test_func(void* data)
{
  return data;
}

int main(void)
{
  pthread_t thread;
  pthread_create(&thread, NULL, test_func, NULL);
  pthread_detach(thread);
  pthread_join(thread, NULL);
  pthread_atfork(NULL, NULL, NULL);
  pthread_exit(NULL);

  return 0;
}

Determining if the function pthread_create exists in the pthreads failed with the following output:
Change Dir: /home/xetql/lb_exhaustive_search/CMakeFiles/CMakeTmp

Run Build Command(s):/usr/bin/make cmTC_8d951/fast && make[1]: Entering directory '/home/xetql/lb_exhaustive_search/CMakeFiles/CMakeTmp'
/usr/bin/make -f CMakeFiles/cmTC_8d951.dir/build.make CMakeFiles/cmTC_8d951.dir/build
make[2]: Entering directory '/home/xetql/lb_exhaustive_search/CMakeFiles/CMakeTmp'
Building C object CMakeFiles/cmTC_8d951.dir/CheckFunctionExists.c.o
/usr/bin/cc   -DCHECK_FUNCTION_EXISTS=pthread_create   -o CMakeFiles/cmTC_8d951.dir/CheckFunctionExists.c.o   -c /snap/cmake/252/share/cmake-3.16/Modules/CheckFunctionExists.c
Linking C executable cmTC_8d951
/snap/cmake/252/bin/cmake -E cmake_link_script CMakeFiles/cmTC_8d951.dir/link.txt --verbose=1
/usr/bin/cc  -DCHECK_FUNCTION_EXISTS=pthread_create    CMakeFiles/cmTC_8d951.dir/CheckFunctionExists.c.o  -o cmTC_8d951  -lpthreads 
/usr/bin/ld: cannot find -lpthreads
collect2: error: ld returned 1 exit status
CMakeFiles/cmTC_8d951.dir/build.make:86: recipe for target 'cmTC_8d951' failed
make[2]: *** [cmTC_8d951] Error 1
make[2]: Leaving directory '/home/xetql/lb_exhaustive_search/CMakeFiles/CMakeTmp'
Makefile:121: recipe for target 'cmTC_8d951/fast' failed
make[1]: *** [cmTC_8d951/fast] Error 2
make[1]: Leaving directory '/home/xetql/lb_exhaustive_search/CMakeFiles/CMakeTmp'



